<?xml version="1.0" encoding="UTF-8"?>
<testsuites name="RegressionTest" time="101" tests="4" failures="0" errors="0">
   <testsuite name="RegressionTest" tests="4" failures="0" errors="0" time="101" timestamp="2018-04-29 17:01:36" hostname="ajobayer - Abu-laptop.dashingprint.local" id="Test Suites/RegressionTest">
      <properties>
         <property name="deviceName" value=""/>
         <property name="devicePlatform" value=""/>
         <property name="logFolder" value="C:\\Users\\ajobayer.DASHINGPRINT\\Katalon Studio\\TestProject Katalon\\Reports\\RegressionTest\\20180429_170134"/>
         <property name="logFiles" value="C:\\Users\\ajobayer.DASHINGPRINT\\Katalon Studio\\TestProject Katalon\\Reports\\RegressionTest\\20180429_170134\\execution0.log"/>
         <property name="attachments" value=""/>
         <property name="hostName" value="ajobayer - Abu-laptop.dashingprint.local"/>
         <property name="os" value="Windows 10 64bit"/>
         <property name="katalonVersion" value="5.4.1.1"/>
         <property name="browser" value="Chrome 65.0.3325.181"/>
         <property name="hostAddress" value="192.168.0.2"/>
         <property name="sessionId" value="8461addbfeca6337e6f1d3297ce076b7"/>
         <property name="seleniumVersion" value="3.7.1"/>
         <property name="proxyInformation" value="ProxyInformation{proxyOption=NO_PROXY, proxyServerType=HTTP, password=, proxyServerAddress=, proxyServerPort=0}"/>
         <property name="platform" value="Windows 10"/>
      </properties>
      <testcase name="Test Cases/Gmail/TC - Login to Gmail" classname="Test Cases/Gmail/TC - Login to Gmail" status="PASSED">
         <system-out><![CDATA[2018-04-29 17:01:36 - [TEST_CASE][PASSED] - Test Cases/Gmail/TC - Login to Gmail: Test Cases/Gmail/TC - Login to Gmail

2018-04-29 17:01:37 - [TEST_STEP][PASSED] - openBrowser: Browser is opened with url: 'www.gmail.com'

2018-04-29 17:01:44 - [MESSAGE][PASSED] - Browser is opened with url: 'www.gmail.com'

2018-04-29 17:01:44 - [TEST_STEP][PASSED] - maximizeWindow: Current window maximized

2018-04-29 17:01:46 - [MESSAGE][PASSED] - Current window maximized

2018-04-29 17:01:46 - [TEST_STEP][PASSED] - waitForPageLoad: Wait for page load successfully

2018-04-29 17:01:46 - [MESSAGE][PASSED] - Wait for page load successfully

2018-04-29 17:01:46 - [TEST_STEP][PASSED] - verifyElementPresent: Object 'Object Repository/GmailLoginPage/EmailField' is present

2018-04-29 17:01:46 - [MESSAGE][PASSED] - Object 'Object Repository/GmailLoginPage/EmailField' is present

2018-04-29 17:01:46 - [TEST_STEP][PASSED] - sendKeys: Keys 'abukatalon1@gmail.com' sent to object: 'Object Repository/GmailLoginPage/EmailField'

2018-04-29 17:01:46 - [MESSAGE][PASSED] - Keys 'abukatalon1@gmail.com' sent to object: 'Object Repository/GmailLoginPage/EmailField'

2018-04-29 17:01:46 - [TEST_STEP][PASSED] - delay: Delayed 2 second(s)

2018-04-29 17:01:48 - [MESSAGE][PASSED] - Delayed 2 second(s)

2018-04-29 17:01:48 - [TEST_STEP][PASSED] - click: Object: 'Object Repository/GmailLoginPage/NextButton' is clicked on

2018-04-29 17:01:48 - [MESSAGE][PASSED] - Object: 'Object Repository/GmailLoginPage/NextButton' is clicked on

2018-04-29 17:01:48 - [TEST_STEP][PASSED] - waitForPageLoad: Wait for page load successfully

2018-04-29 17:01:48 - [MESSAGE][PASSED] - Wait for page load successfully

2018-04-29 17:01:48 - [TEST_STEP][PASSED] - verifyElementPresent: Object 'Object Repository/GmailLoginPage/PasswordField' is present

2018-04-29 17:01:49 - [MESSAGE][PASSED] - Object 'Object Repository/GmailLoginPage/PasswordField' is present

2018-04-29 17:01:49 - [TEST_STEP][PASSED] - sendKeys: Keys 'judas4321' sent to object: 'Object Repository/GmailLoginPage/PasswordField'

2018-04-29 17:01:50 - [MESSAGE][PASSED] - Keys 'judas4321' sent to object: 'Object Repository/GmailLoginPage/PasswordField'

2018-04-29 17:01:50 - [TEST_STEP][PASSED] - delay: Delayed 2 second(s)

2018-04-29 17:01:52 - [MESSAGE][PASSED] - Delayed 2 second(s)

2018-04-29 17:01:52 - [TEST_STEP][PASSED] - click: Object: 'Object Repository/GmailLoginPage/NextButton' is clicked on

2018-04-29 17:01:52 - [MESSAGE][PASSED] - Object: 'Object Repository/GmailLoginPage/NextButton' is clicked on]]></system-out>
         <system-err><![CDATA[]]></system-err>
      </testcase>
      <testcase name="Test Cases/Gmail/TC - Logout from Gmail" classname="Test Cases/Gmail/TC - Logout from Gmail" status="PASSED">
         <system-out><![CDATA[2018-04-29 17:01:52 - [TEST_CASE][PASSED] - Test Cases/Gmail/TC - Logout from Gmail: Test Cases/Gmail/TC - Logout from Gmail

2018-04-29 17:01:53 - [TEST_STEP][PASSED] - delay: Delayed 2 second(s)

2018-04-29 17:01:55 - [MESSAGE][PASSED] - Delayed 2 second(s)

2018-04-29 17:01:55 - [TEST_STEP][PASSED] - click: Object: 'Object Repository/GmailHomePage/GmailAccountBttn' is clicked on

2018-04-29 17:01:57 - [MESSAGE][PASSED] - Object: 'Object Repository/GmailHomePage/GmailAccountBttn' is clicked on

2018-04-29 17:01:57 - [TEST_STEP][PASSED] - delay: Delayed 2 second(s)

2018-04-29 17:01:59 - [MESSAGE][PASSED] - Delayed 2 second(s)

2018-04-29 17:01:59 - [TEST_STEP][PASSED] - click: Object: 'Object Repository/GmailHomePage/SignOutBttn' is clicked on

2018-04-29 17:01:59 - [MESSAGE][PASSED] - Object: 'Object Repository/GmailHomePage/SignOutBttn' is clicked on

2018-04-29 17:01:59 - [TEST_STEP][PASSED] - delay: Delayed 2 second(s)

2018-04-29 17:02:01 - [MESSAGE][PASSED] - Delayed 2 second(s)

2018-04-29 17:02:01 - [TEST_STEP][PASSED] - closeBrowser: Browser is closed

2018-04-29 17:02:02 - [MESSAGE][PASSED] - Browser is closed]]></system-out>
         <system-err><![CDATA[]]></system-err>
      </testcase>
      <testcase name="Test Cases/Drive/TC - Google Drive Upload" classname="Test Cases/Drive/TC - Google Drive Upload" status="PASSED">
         <system-out><![CDATA[2018-04-29 17:02:02 - [TEST_CASE][PASSED] - Test Cases/Drive/TC - Google Drive Upload: Test Cases/Drive/TC - Google Drive Upload

2018-04-29 17:02:02 - [TEST_STEP][PASSED] - com.gmail.authentication.GmailAuthentication.GmailLogin: com.gmail.authentication.GmailAuthentication.GmailLogin is PASSED

2018-04-29 17:02:08 - [MESSAGE][PASSED] - Browser is opened with url: 'www.gmail.com'

2018-04-29 17:02:08 - [MESSAGE][PASSED] - Wait for page load successfully

2018-04-29 17:02:09 - [MESSAGE][PASSED] - Current window maximized

2018-04-29 17:02:09 - [MESSAGE][PASSED] - Object 'Object Repository/GmailLoginPage/EmailField' is present

2018-04-29 17:02:09 - [MESSAGE][PASSED] - Keys 'abukatalon1@gmail.com' sent to object: 'Object Repository/GmailLoginPage/EmailField'

2018-04-29 17:02:11 - [MESSAGE][PASSED] - Delayed 2 second(s)

2018-04-29 17:02:11 - [MESSAGE][PASSED] - Object: 'Object Repository/GmailLoginPage/NextButton' is clicked on

2018-04-29 17:02:11 - [MESSAGE][PASSED] - Wait for page load successfully

2018-04-29 17:02:12 - [MESSAGE][PASSED] - Object 'Object Repository/GmailLoginPage/PasswordField' is present

2018-04-29 17:02:12 - [MESSAGE][PASSED] - Keys 'judas4321' sent to object: 'Object Repository/GmailLoginPage/PasswordField'

2018-04-29 17:02:14 - [MESSAGE][PASSED] - Delayed 2 second(s)

2018-04-29 17:02:14 - [MESSAGE][PASSED] - Object: 'Object Repository/GmailLoginPage/NextButton' is clicked on

2018-04-29 17:02:14 - [MESSAGE][PASSED] - com.gmail.authentication.GmailAuthentication.GmailLogin is PASSED

2018-04-29 17:02:14 - [TEST_STEP][PASSED] - waitForPageLoad: Wait for page load successfully

2018-04-29 17:02:14 - [MESSAGE][PASSED] - Wait for page load successfully

2018-04-29 17:02:14 - [TEST_STEP][PASSED] - waitForElementPresent: Object 'Object Repository/GmailHomePage/GoogleAppsBttn' is present

2018-04-29 17:02:18 - [MESSAGE][PASSED] - Object 'Object Repository/GmailHomePage/GoogleAppsBttn' is present

2018-04-29 17:02:18 - [TEST_STEP][PASSED] - click: Object: 'Object Repository/GmailHomePage/GoogleAppsBttn' is clicked on

2018-04-29 17:02:19 - [MESSAGE][PASSED] - Object: 'Object Repository/GmailHomePage/GoogleAppsBttn' is clicked on

2018-04-29 17:02:19 - [TEST_STEP][PASSED] - delay: Delayed 2 second(s)

2018-04-29 17:02:21 - [MESSAGE][PASSED] - Delayed 2 second(s)

2018-04-29 17:02:21 - [TEST_STEP][PASSED] - click: Object: 'Object Repository/GmailHomePage/GoogleDriveBttn' is clicked on

2018-04-29 17:02:21 - [MESSAGE][PASSED] - Object: 'Object Repository/GmailHomePage/GoogleDriveBttn' is clicked on

2018-04-29 17:02:21 - [TEST_STEP][PASSED] - delay: Delayed 2 second(s)

2018-04-29 17:02:23 - [MESSAGE][PASSED] - Delayed 2 second(s)

2018-04-29 17:02:23 - [TEST_STEP][PASSED] - switchToWindowIndex: Switched to window with index: '1'

2018-04-29 17:02:23 - [MESSAGE][PASSED] - Switched to window with index: '1'

2018-04-29 17:02:23 - [TEST_STEP][PASSED] - click: Object: 'Object Repository/GoogleDrive/NewBttn' is clicked on

2018-04-29 17:02:26 - [MESSAGE][PASSED] - Object: 'Object Repository/GoogleDrive/NewBttn' is clicked on

2018-04-29 17:02:26 - [TEST_STEP][PASSED] - delay: Delayed 2 second(s)

2018-04-29 17:02:28 - [MESSAGE][PASSED] - Delayed 2 second(s)

2018-04-29 17:02:28 - [TEST_STEP][PASSED] - click: Object: 'Object Repository/GoogleDrive/FileUpload' is clicked on

2018-04-29 17:02:28 - [MESSAGE][PASSED] - Object: 'Object Repository/GoogleDrive/FileUpload' is clicked on

2018-04-29 17:02:28 - [TEST_STEP][PASSED] - delay: Delayed 2 second(s)

2018-04-29 17:02:30 - [MESSAGE][PASSED] - Delayed 2 second(s)

2018-04-29 17:02:30 - [TEST_STEP][PASSED] - Statement - Autoit_Fileupload = "C:\Autoit\File_upload.exe": null

2018-04-29 17:02:30 - [TEST_STEP][PASSED] - Statement - java.lang.Runtime.getRuntime().exec(Autoit_Fileupload): null

2018-04-29 17:02:30 - [TEST_STEP][PASSED] - Statement - java.lang.Thread.sleep(3000): null

2018-04-29 17:02:33 - [TEST_STEP][PASSED] - waitForPageLoad: Wait for page load successfully

2018-04-29 17:02:33 - [MESSAGE][PASSED] - Wait for page load successfully

2018-04-29 17:02:33 - [TEST_STEP][PASSED] - waitForElementPresent: Object 'Object Repository/GoogleDrive/ImageFile' is present

2018-04-29 17:02:33 - [MESSAGE][PASSED] - Object 'Object Repository/GoogleDrive/ImageFile' is present

2018-04-29 17:02:33 - [TEST_STEP][PASSED] - delay: Delayed 2 second(s)

2018-04-29 17:02:35 - [MESSAGE][PASSED] - Delayed 2 second(s)

2018-04-29 17:02:35 - [TEST_STEP][PASSED] - rightClick: Object: 'Object Repository/GoogleDrive/ImageFile' is right clicked on

2018-04-29 17:02:35 - [MESSAGE][PASSED] - Object: 'Object Repository/GoogleDrive/ImageFile' is right clicked on

2018-04-29 17:02:35 - [TEST_STEP][PASSED] - delay: Delayed 2 second(s)

2018-04-29 17:02:37 - [MESSAGE][PASSED] - Delayed 2 second(s)

2018-04-29 17:02:37 - [TEST_STEP][PASSED] - focus: Object: 'Object Repository/GoogleDrive/Removebttn' is focused

2018-04-29 17:02:37 - [MESSAGE][PASSED] - Object: 'Object Repository/GoogleDrive/Removebttn' is focused

2018-04-29 17:02:37 - [TEST_STEP][PASSED] - delay: Delayed 2 second(s)

2018-04-29 17:02:39 - [MESSAGE][PASSED] - Delayed 2 second(s)

2018-04-29 17:02:39 - [TEST_STEP][PASSED] - click: Object: 'Object Repository/GoogleDrive/Removebttn' is clicked on

2018-04-29 17:02:39 - [MESSAGE][PASSED] - Object: 'Object Repository/GoogleDrive/Removebttn' is clicked on

2018-04-29 17:02:39 - [TEST_STEP][PASSED] - com.gmail.authentication.GmailAuthentication.GmailLogout: com.gmail.authentication.GmailAuthentication.GmailLogout is PASSED

2018-04-29 17:02:40 - [MESSAGE][PASSED] - Switched to window with index: '0'

2018-04-29 17:02:40 - [MESSAGE][PASSED] - Object: 'Object Repository/GmailHomePage/GmailAccountBttn' is clicked on

2018-04-29 17:02:42 - [MESSAGE][PASSED] - Object: 'Object Repository/GmailHomePage/SignOutBttn' is clicked on

2018-04-29 17:02:43 - [MESSAGE][PASSED] - Browser is closed

2018-04-29 17:02:43 - [MESSAGE][PASSED] - com.gmail.authentication.GmailAuthentication.GmailLogout is PASSED]]></system-out>
         <system-err><![CDATA[]]></system-err>
      </testcase>
      <testcase name="Test Cases/Gmail/TC - Compose Send Delete Email" classname="Test Cases/Gmail/TC - Compose Send Delete Email" status="PASSED">
         <system-out><![CDATA[2018-04-29 17:02:43 - [TEST_CASE][PASSED] - Test Cases/Gmail/TC - Compose Send Delete Email: Test Cases/Gmail/TC - Compose Send Delete Email

2018-04-29 17:02:44 - [TEST_STEP][PASSED] - com.gmail.authentication.GmailAuthentication.GmailLogin: com.gmail.authentication.GmailAuthentication.GmailLogin is PASSED

2018-04-29 17:02:49 - [MESSAGE][PASSED] - Browser is opened with url: 'www.gmail.com'

2018-04-29 17:02:49 - [MESSAGE][PASSED] - Wait for page load successfully

2018-04-29 17:02:50 - [MESSAGE][PASSED] - Current window maximized

2018-04-29 17:02:50 - [MESSAGE][PASSED] - Object 'Object Repository/GmailLoginPage/EmailField' is present

2018-04-29 17:02:51 - [MESSAGE][PASSED] - Keys 'abukatalon1@gmail.com' sent to object: 'Object Repository/GmailLoginPage/EmailField'

2018-04-29 17:02:53 - [MESSAGE][PASSED] - Delayed 2 second(s)

2018-04-29 17:02:53 - [MESSAGE][PASSED] - Object: 'Object Repository/GmailLoginPage/NextButton' is clicked on

2018-04-29 17:02:53 - [MESSAGE][PASSED] - Wait for page load successfully

2018-04-29 17:02:53 - [MESSAGE][PASSED] - Object 'Object Repository/GmailLoginPage/PasswordField' is present

2018-04-29 17:02:53 - [MESSAGE][PASSED] - Keys 'judas4321' sent to object: 'Object Repository/GmailLoginPage/PasswordField'

2018-04-29 17:02:55 - [MESSAGE][PASSED] - Delayed 2 second(s)

2018-04-29 17:02:56 - [MESSAGE][PASSED] - Object: 'Object Repository/GmailLoginPage/NextButton' is clicked on

2018-04-29 17:02:56 - [MESSAGE][PASSED] - com.gmail.authentication.GmailAuthentication.GmailLogin is PASSED

2018-04-29 17:02:56 - [TEST_STEP][PASSED] - verifyElementPresent: Object 'Object Repository/GmailHomePage/ComposeBttn' is present

2018-04-29 17:03:01 - [MESSAGE][PASSED] - Object 'Object Repository/GmailHomePage/ComposeBttn' is present

2018-04-29 17:03:01 - [TEST_STEP][PASSED] - click: Object: 'Object Repository/GmailHomePage/ComposeBttn' is clicked on

2018-04-29 17:03:01 - [MESSAGE][PASSED] - Object: 'Object Repository/GmailHomePage/ComposeBttn' is clicked on

2018-04-29 17:03:01 - [TEST_STEP][PASSED] - verifyElementPresent: Object 'Object Repository/GmailHomePage/RecipientsField' is present

2018-04-29 17:03:02 - [MESSAGE][PASSED] - Object 'Object Repository/GmailHomePage/RecipientsField' is present

2018-04-29 17:03:02 - [TEST_STEP][PASSED] - sendKeys: Keys 'abukatalon1@gmail.com' sent to object: 'Object Repository/GmailHomePage/RecipientsField'

2018-04-29 17:03:03 - [MESSAGE][PASSED] - Keys 'abukatalon1@gmail.com' sent to object: 'Object Repository/GmailHomePage/RecipientsField'

2018-04-29 17:03:03 - [TEST_STEP][PASSED] - sendKeys: Keys 'Subject for testing' sent to object: 'Object Repository/GmailHomePage/SubjectField'

2018-04-29 17:03:04 - [MESSAGE][PASSED] - Keys 'Subject for testing' sent to object: 'Object Repository/GmailHomePage/SubjectField'

2018-04-29 17:03:04 - [TEST_STEP][PASSED] - sendKeys: Keys 'Email content: This is for the testing purpose ' sent to object: 'Object Repository/GmailHomePage/TextField'

2018-04-29 17:03:05 - [MESSAGE][PASSED] - Keys 'Email content: This is for the testing purpose ' sent to object: 'Object Repository/GmailHomePage/TextField'

2018-04-29 17:03:05 - [TEST_STEP][PASSED] - delay: Delayed 2 second(s)

2018-04-29 17:03:07 - [MESSAGE][PASSED] - Delayed 2 second(s)

2018-04-29 17:03:07 - [TEST_STEP][PASSED] - click: Object: 'Object Repository/GmailHomePage/SendBttn' is clicked on

2018-04-29 17:03:07 - [MESSAGE][PASSED] - Object: 'Object Repository/GmailHomePage/SendBttn' is clicked on

2018-04-29 17:03:07 - [TEST_STEP][PASSED] - delay: Delayed 5 second(s)

2018-04-29 17:03:12 - [MESSAGE][PASSED] - Delayed 5 second(s)

2018-04-29 17:03:12 - [TEST_STEP][PASSED] - click: Object: 'Object Repository/GmailHomePage/InboxLink' is clicked on

2018-04-29 17:03:12 - [MESSAGE][PASSED] - Object: 'Object Repository/GmailHomePage/InboxLink' is clicked on

2018-04-29 17:03:12 - [TEST_STEP][PASSED] - waitForPageLoad: Wait for page load successfully

2018-04-29 17:03:12 - [MESSAGE][PASSED] - Wait for page load successfully

2018-04-29 17:03:12 - [TEST_STEP][PASSED] - delay: Delayed 2 second(s)

2018-04-29 17:03:14 - [MESSAGE][PASSED] - Delayed 2 second(s)

2018-04-29 17:03:14 - [TEST_STEP][PASSED] - verifyElementVisible: Object 'Object Repository/GmailHomePage/EmailContent' is visible

2018-04-29 17:03:14 - [MESSAGE][PASSED] - Object 'Object Repository/GmailHomePage/EmailContent' is visible

2018-04-29 17:03:14 - [TEST_STEP][PASSED] - check: Object 'Object Repository/GmailHomePage/CheckBox' is checked

2018-04-29 17:03:15 - [MESSAGE][PASSED] - Object 'Object Repository/GmailHomePage/CheckBox' is checked

2018-04-29 17:03:15 - [TEST_STEP][PASSED] - delay: Delayed 2 second(s)

2018-04-29 17:03:17 - [MESSAGE][PASSED] - Delayed 2 second(s)

2018-04-29 17:03:17 - [TEST_STEP][PASSED] - focus: Object: 'Object Repository/GmailHomePage/MenuBar' is focused

2018-04-29 17:03:17 - [MESSAGE][PASSED] - Object: 'Object Repository/GmailHomePage/MenuBar' is focused

2018-04-29 17:03:17 - [TEST_STEP][PASSED] - click: Object: 'Object Repository/GmailHomePage/DeleteBttn' is clicked on

2018-04-29 17:03:17 - [MESSAGE][PASSED] - Object: 'Object Repository/GmailHomePage/DeleteBttn' is clicked on

2018-04-29 17:03:17 - [TEST_STEP][PASSED] - com.gmail.authentication.GmailAuthentication.GmailLogout: com.gmail.authentication.GmailAuthentication.GmailLogout is PASSED

2018-04-29 17:03:17 - [MESSAGE][PASSED] - Switched to window with index: '0'

2018-04-29 17:03:17 - [MESSAGE][PASSED] - Object: 'Object Repository/GmailHomePage/GmailAccountBttn' is clicked on

2018-04-29 17:03:17 - [MESSAGE][PASSED] - Object: 'Object Repository/GmailHomePage/SignOutBttn' is clicked on

2018-04-29 17:03:18 - [MESSAGE][PASSED] - Browser is closed

2018-04-29 17:03:18 - [MESSAGE][PASSED] - com.gmail.authentication.GmailAuthentication.GmailLogout is PASSED]]></system-out>
         <system-err><![CDATA[]]></system-err>
      </testcase>
      <system-out><![CDATA[2018-04-29 17:01:36 - [TEST_SUITE][PASSED] - RegressionTest: Test Cases/Gmail/TC - Compose Send Delete Email]]></system-out>
      <system-err><![CDATA[]]></system-err>
   </testsuite>
</testsuites>
